\BOOKMARK [1][-]{section.1}{\376\377\122\115\212\000}{}% 1
\BOOKMARK [1][-]{section.2}{\376\377\220\011\230\230\151\202\121\265}{}% 2
\BOOKMARK [2][-]{subsection.2.1}{\376\377\220\011\230\230\121\205\133\271}{section.2}% 3
\BOOKMARK [2][-]{subsection.2.2}{\376\377\220\011\230\230\141\017\116\111}{section.2}% 4
\BOOKMARK [2][-]{subsection.2.3}{\376\377\145\160\143\156\211\304\152\041}{section.2}% 5
\BOOKMARK [2][-]{subsection.2.4}{\376\377\153\324\215\133\163\260\162\266}{section.2}% 6
\BOOKMARK [1][-]{section.3}{\376\377\230\230\166\356\122\006\147\220}{}% 7
\BOOKMARK [2][-]{subsection.3.1}{\376\377\000P\000E\000A\000S}{section.3}% 8
\BOOKMARK [2][-]{subsection.3.2}{\376\377\116\003\176\364\122\006\174\173}{section.3}% 9
\BOOKMARK [1][-]{section.4}{\376\377\147\000\145\260\170\024\172\166\163\260\162\266}{}% 10
\BOOKMARK [2][-]{subsection.4.1}{\376\377\000K\000i\000n\000s\000h\000i\000p\000C\000o\000n\000n\000e\000c\000t}{section.4}% 11
\BOOKMARK [2][-]{subsection.4.2}{\376\377\000G\000e\000n\000o\000F\000a\000c\000e}{section.4}% 12
\BOOKMARK [1][-]{section.5}{\376\377\217\333\210\114\000E\000D\000A}{}% 13
\BOOKMARK [2][-]{subsection.5.1}{\376\377\121\163\116\216\000E\000D\000A}{section.5}% 14
\BOOKMARK [3][-]{subsubsection.5.1.1}{\376\377\133\232\116\111}{subsection.5.1}% 15
\BOOKMARK [3][-]{subsubsection.5.1.2}{\376\377\116\073\211\201\153\145\232\244}{subsection.5.1}% 16
\BOOKMARK [3][-]{subsubsection.5.1.3}{\376\377\117\030\160\271}{subsection.5.1}% 17
\BOOKMARK [2][-]{subsection.5.2}{\376\377\147\054\230\230\000E\000D\000A}{section.5}% 18
\BOOKMARK [1][-]{section.6}{\376\377\211\343\230\230\127\372\147\054\140\035\215\357\060\001\145\271\154\325\116\016\142\200\147\057\215\357\176\277}{}% 19
\BOOKMARK [2][-]{subsection.6.1}{\376\377\211\343\230\230\140\035\215\357}{section.6}% 20
\BOOKMARK [2][-]{subsection.6.2}{\376\377\211\343\230\230\145\271\154\325}{section.6}% 21
\BOOKMARK [1][-]{section.7}{\376\377\123\302\200\003\145\207\163\056}{}% 22
