\BOOKMARK [1][-]{section.1}{\376\377\122\115\212\000}{}% 1
\BOOKMARK [1][-]{section.2}{\376\377\230\230\166\356\151\202\121\265}{}% 2
\BOOKMARK [2][-]{subsection.2.1}{\376\377\172\336\215\133\151\202\121\265}{section.2}% 3
\BOOKMARK [2][-]{subsection.2.2}{\376\377\172\336\215\133\121\205\133\271}{section.2}% 4
\BOOKMARK [2][-]{subsection.2.3}{\376\377\172\336\215\133\141\017\116\111}{section.2}% 5
\BOOKMARK [2][-]{subsection.2.4}{\376\377\145\160\143\156\211\304\152\041}{section.2}% 6
\BOOKMARK [3][-]{subsubsection.2.4.1}{\376\377\145\160\143\156\226\306}{subsection.2.4}% 7
\BOOKMARK [3][-]{subsubsection.2.4.2}{\376\377\143\320\116\244\150\074\137\017}{subsection.2.4}% 8
\BOOKMARK [2][-]{subsection.2.5}{\376\377\163\260\147\011\176\323\147\234}{section.2}% 9
\BOOKMARK [1][-]{section.3}{\376\377\116\055\147\037\217\333\134\125\140\305\121\265}{}% 10
\BOOKMARK [2][-]{subsection.3.1}{\376\377\137\123\122\115\143\222\124\015\116\016\176\323\147\234}{section.3}% 11
\BOOKMARK [2][-]{subsection.3.2}{\376\377\211\343\230\230\152\041\127\213\213\276\213\241}{section.3}% 12
\BOOKMARK [3][-]{subsubsection.3.2.1}{\376\377\152\041\127\213\116\313\176\315}{subsection.3.2}% 13
\BOOKMARK [3][-]{subsubsection.3.2.2}{\376\377\121\167\117\123\133\236\163\260}{subsection.3.2}% 14
\BOOKMARK [2][-]{subsection.3.3}{\376\377\116\055\147\037\217\333\134\125\176\323\147\234\122\006\147\220}{section.3}% 15
\BOOKMARK [2][-]{subsection.3.4}{\376\377\116\055\147\037\217\333\134\125\116\073\211\201\225\356\230\230\122\006\147\220}{section.3}% 16
\BOOKMARK [1][-]{section.4}{\376\377\116\055\147\037\217\333\134\125\124\016\142\337\145\071\217\333\143\252\145\275}{}% 17
\BOOKMARK [2][-]{subsection.4.1}{\376\377\162\171\137\201\131\004\164\006\145\271\137\017}{section.4}% 18
\BOOKMARK [2][-]{subsection.4.2}{\376\377\213\255\176\303\226\306\225\031\213\357\131\004\164\006}{section.4}% 19
\BOOKMARK [2][-]{subsection.4.3}{\376\377\221\315\145\260\220\011\142\351\152\041\127\213}{section.4}% 20
\BOOKMARK [2][-]{subsection.4.4}{\376\377\176\304\124\010\152\041\127\213}{section.4}% 21
\BOOKMARK [1][-]{section.5}{\376\377\123\302\200\003\145\207\163\056}{}% 22
