\BOOKMARK [1][-]{section.1}{\376\377\122\115\212\000}{}% 1
\BOOKMARK [1][-]{section.2}{\376\377\230\230\166\356\151\202\121\265}{}% 2
\BOOKMARK [2][-]{subsection.2.1}{\376\377\172\336\215\133\151\202\121\265}{section.2}% 3
\BOOKMARK [2][-]{subsection.2.2}{\376\377\172\336\215\133\121\205\133\271}{section.2}% 4
\BOOKMARK [2][-]{subsection.2.3}{\376\377\172\336\215\133\141\017\116\111}{section.2}% 5
\BOOKMARK [2][-]{subsection.2.4}{\376\377\145\160\143\156\211\304\152\041}{section.2}% 6
\BOOKMARK [3][-]{subsubsection.2.4.1}{\376\377\145\160\143\156\226\306}{subsection.2.4}% 7
\BOOKMARK [3][-]{subsubsection.2.4.2}{\376\377\143\320\116\244\150\074\137\017}{subsection.2.4}% 8
\BOOKMARK [2][-]{subsection.2.5}{\376\377\163\260\147\011\176\323\147\234}{section.2}% 9
\BOOKMARK [1][-]{section.3}{\376\377\230\171\166\356\176\323\230\230\133\214\142\020\140\305\121\265}{}% 10
\BOOKMARK [2][-]{subsection.3.1}{\376\377\137\123\122\115\143\222\124\015\116\016\176\323\147\234}{section.3}% 11
\BOOKMARK [2][-]{subsection.3.2}{\376\377\176\323\230\230\152\041\127\213\213\276\213\241}{section.3}% 12
\BOOKMARK [3][-]{subsubsection.3.2.1}{\376\377\137\000\230\230\213\276\213\241}{subsection.3.2}% 13
\BOOKMARK [3][-]{subsubsection.3.2.2}{\376\377\116\055\147\037\213\276\213\241}{subsection.3.2}% 14
\BOOKMARK [3][-]{subsubsection.3.2.3}{\376\377\176\323\230\230\213\276\213\241}{subsection.3.2}% 15
\BOOKMARK [2][-]{subsection.3.3}{\376\377\176\323\230\230\147\000\176\310\176\323\147\234\122\006\147\220}{section.3}% 16
\BOOKMARK [2][-]{subsection.3.4}{\376\377\176\323\230\230\116\073\211\201\225\356\230\230\122\006\147\220}{section.3}% 17
\BOOKMARK [1][-]{section.4}{\376\377\176\323\230\230\124\016\142\337\145\071\217\333\143\252\145\275}{}% 18
\BOOKMARK [2][-]{subsection.4.1}{\376\377\130\236\122\240\145\260\166\204\162\171\137\201\143\320\123\326\152\041\127\213}{section.4}% 19
\BOOKMARK [2][-]{subsection.4.2}{\376\377\117\030\123\026\226\306\142\020\133\146\116\140\217\307\172\013}{section.4}% 20
\BOOKMARK [1][-]{section.5}{\376\377\123\302\116\016\230\171\166\356\117\123\117\032}{}% 21
\BOOKMARK [1][-]{section.6}{\376\377\141\017\211\301\116\016\136\372\213\256}{}% 22
